2022-10-02 10:39:06 INFO::Writing function arguments to log file
2022-10-02 10:39:06 DEBUG::Function arguments
2022-10-02 10:39:06 DEBUG::Output folder: output/Deliverables/Goal1/DifferentialAbundance/maaslin/species
2022-10-02 10:39:06 DEBUG::Min Abundance: 0.000000
2022-10-02 10:39:06 DEBUG::Min Prevalence: 0.100000
2022-10-02 10:39:06 DEBUG::Normalization: TSS
2022-10-02 10:39:06 DEBUG::Transform: LOG
2022-10-02 10:39:06 DEBUG::Analysis method: LM
2022-10-02 10:39:06 DEBUG::Max significance: 0.250000
2022-10-02 10:39:06 DEBUG::Random effects: Host_name
2022-10-02 10:39:06 DEBUG::Fixed effects: Timepoint
2022-10-02 10:39:06 DEBUG::Correction method: BH
2022-10-02 10:39:06 DEBUG::Standardize: TRUE
2022-10-02 10:39:06 DEBUG::Cores: 4
2022-10-02 10:39:06 INFO::Verifying options selected are valid
2022-10-02 10:39:06 INFO::Determining format of input files
2022-10-02 10:39:06 INFO::Input format is data samples as rows and metadata samples as rows
2022-10-02 10:39:06 DEBUG::A total of 20 samples were found in both the data and metadata
2022-10-02 10:39:06 DEBUG::Reordering data/metadata to use same sample ordering
2022-10-02 10:39:06 INFO::Formula for random effects: expr ~ (1 | Host_name)
2022-10-02 10:39:06 INFO::Formula for fixed effects: expr ~  Timepoint
2022-10-02 10:39:06 INFO::Filter data based on min abundance and min prevalence
2022-10-02 10:39:06 INFO::Total samples in data: 20
2022-10-02 10:39:06 INFO::Min samples required with min abundance for a feature not to be filtered: 2.000000
2022-10-02 10:39:06 INFO::Total filtered features: 134
2022-10-02 10:39:06 INFO::Filtered feature names from abundance and prevalence filtering:
2022-10-02 10:39:06 INFO::Total filtered features with variance filtering: 0
2022-10-02 10:39:06 INFO::Filtered feature names from variance filtering:
2022-10-02 10:39:06 INFO::Running selected normalization method: TSS
2022-10-02 10:39:06 INFO::Applying z-score to standardize continuous metadata
2022-10-02 10:39:06 INFO::Running selected transform method: LOG
2022-10-02 10:39:06 INFO::Running selected analysis method: LM
2022-10-02 10:39:06 INFO::Creating cluster of 4 R processes
2022-10-02 10:39:12 INFO::Counting total values for each feature
2022-10-02 10:39:12 WARNING::Deleting existing residuals file: output/Deliverables/Goal1/DifferentialAbundance/maaslin/species/residuals.rds
2022-10-02 10:39:12 INFO::Writing residuals to file output/Deliverables/Goal1/DifferentialAbundance/maaslin/species/residuals.rds
2022-10-02 10:39:12 WARNING::Deleting existing fitted file: output/Deliverables/Goal1/DifferentialAbundance/maaslin/species/fitted.rds
2022-10-02 10:39:12 INFO::Writing fitted values to file output/Deliverables/Goal1/DifferentialAbundance/maaslin/species/fitted.rds
2022-10-02 10:39:12 WARNING::Deleting existing ranef file: output/Deliverables/Goal1/DifferentialAbundance/maaslin/species/ranef.rds
2022-10-02 10:39:12 INFO::Writing extracted random effects to file output/Deliverables/Goal1/DifferentialAbundance/maaslin/species/ranef.rds
2022-10-02 10:39:12 INFO::Writing all results to file (ordered by increasing q-values): output/Deliverables/Goal1/DifferentialAbundance/maaslin/species/all_results.tsv
2022-10-02 10:39:12 INFO::Writing the significant results (those which are less than or equal to the threshold of 0.250000 ) to file (ordered by increasing q-values): output/Deliverables/Goal1/DifferentialAbundance/maaslin/species/significant_results.tsv
2022-10-02 10:39:12 INFO::Writing heatmap of significant results to file: output/Deliverables/Goal1/DifferentialAbundance/maaslin/species/heatmap.pdf
2022-10-02 10:39:12 INFO::Writing association plots (one for each significant association) to output folder: output/Deliverables/Goal1/DifferentialAbundance/maaslin/species
