2022-10-02 10:39:14 INFO::Writing function arguments to log file
2022-10-02 10:39:14 DEBUG::Function arguments
2022-10-02 10:39:14 DEBUG::Output folder: output/Deliverables/Goal1/DifferentialAbundance/maaslin/genus
2022-10-02 10:39:14 DEBUG::Min Abundance: 0.000000
2022-10-02 10:39:14 DEBUG::Min Prevalence: 0.100000
2022-10-02 10:39:14 DEBUG::Normalization: TSS
2022-10-02 10:39:14 DEBUG::Transform: LOG
2022-10-02 10:39:14 DEBUG::Analysis method: LM
2022-10-02 10:39:14 DEBUG::Max significance: 0.250000
2022-10-02 10:39:14 DEBUG::Random effects: Host_name
2022-10-02 10:39:14 DEBUG::Fixed effects: Timepoint
2022-10-02 10:39:14 DEBUG::Correction method: BH
2022-10-02 10:39:14 DEBUG::Standardize: TRUE
2022-10-02 10:39:14 DEBUG::Cores: 4
2022-10-02 10:39:14 INFO::Verifying options selected are valid
2022-10-02 10:39:14 INFO::Determining format of input files
2022-10-02 10:39:14 INFO::Input format is data samples as rows and metadata samples as rows
2022-10-02 10:39:14 DEBUG::A total of 20 samples were found in both the data and metadata
2022-10-02 10:39:14 DEBUG::Reordering data/metadata to use same sample ordering
2022-10-02 10:39:14 INFO::Formula for random effects: expr ~ (1 | Host_name)
2022-10-02 10:39:14 INFO::Formula for fixed effects: expr ~  Timepoint
2022-10-02 10:39:14 INFO::Filter data based on min abundance and min prevalence
2022-10-02 10:39:14 INFO::Total samples in data: 20
2022-10-02 10:39:14 INFO::Min samples required with min abundance for a feature not to be filtered: 2.000000
2022-10-02 10:39:14 INFO::Total filtered features: 48
2022-10-02 10:39:14 INFO::Filtered feature names from abundance and prevalence filtering:
2022-10-02 10:39:14 INFO::Total filtered features with variance filtering: 0
2022-10-02 10:39:14 INFO::Filtered feature names from variance filtering:
2022-10-02 10:39:14 INFO::Running selected normalization method: TSS
2022-10-02 10:39:14 INFO::Applying z-score to standardize continuous metadata
2022-10-02 10:39:14 INFO::Running selected transform method: LOG
2022-10-02 10:39:14 INFO::Running selected analysis method: LM
2022-10-02 10:39:14 INFO::Creating cluster of 4 R processes
2022-10-02 10:39:19 INFO::Counting total values for each feature
2022-10-02 10:39:19 WARNING::Deleting existing residuals file: output/Deliverables/Goal1/DifferentialAbundance/maaslin/genus/residuals.rds
2022-10-02 10:39:19 INFO::Writing residuals to file output/Deliverables/Goal1/DifferentialAbundance/maaslin/genus/residuals.rds
2022-10-02 10:39:19 WARNING::Deleting existing fitted file: output/Deliverables/Goal1/DifferentialAbundance/maaslin/genus/fitted.rds
2022-10-02 10:39:19 INFO::Writing fitted values to file output/Deliverables/Goal1/DifferentialAbundance/maaslin/genus/fitted.rds
2022-10-02 10:39:19 WARNING::Deleting existing ranef file: output/Deliverables/Goal1/DifferentialAbundance/maaslin/genus/ranef.rds
2022-10-02 10:39:19 INFO::Writing extracted random effects to file output/Deliverables/Goal1/DifferentialAbundance/maaslin/genus/ranef.rds
2022-10-02 10:39:19 INFO::Writing all results to file (ordered by increasing q-values): output/Deliverables/Goal1/DifferentialAbundance/maaslin/genus/all_results.tsv
2022-10-02 10:39:19 INFO::Writing the significant results (those which are less than or equal to the threshold of 0.250000 ) to file (ordered by increasing q-values): output/Deliverables/Goal1/DifferentialAbundance/maaslin/genus/significant_results.tsv
2022-10-02 10:39:19 INFO::Writing heatmap of significant results to file: output/Deliverables/Goal1/DifferentialAbundance/maaslin/genus/heatmap.pdf
2022-10-02 10:39:19 INFO::Writing association plots (one for each significant association) to output folder: output/Deliverables/Goal1/DifferentialAbundance/maaslin/genus
